{"total": {"lines":{"total":248,"covered":183,"skipped":0,"pct":73.79},"statements":{"total":250,"covered":185,"skipped":0,"pct":74},"functions":{"total":24,"covered":22,"skipped":0,"pct":91.66},"branches":{"total":243,"covered":165,"skipped":0,"pct":67.9},"branchesTrue":{"total":0,"covered":0,"skipped":0,"pct":100}}
,"C:\\Users\\Bernardo\\Desktop\\eng_cursor\\Engenharia_Software_II_PLUS_Pedidos\\plus-ms-ped\\src\\app.ts": {"lines":{"total":10,"covered":8,"skipped":0,"pct":80},"functions":{"total":2,"covered":0,"skipped":0,"pct":0},"statements":{"total":10,"covered":8,"skipped":0,"pct":80},"branches":{"total":0,"covered":0,"skipped":0,"pct":100}}
,"C:\\Users\\Bernardo\\Desktop\\eng_cursor\\Engenharia_Software_II_PLUS_Pedidos\\plus-ms-ped\\src\\middleware\\auth.ts": {"lines":{"total":18,"covered":18,"skipped":0,"pct":100},"functions":{"total":1,"covered":1,"skipped":0,"pct":100},"statements":{"total":18,"covered":18,"skipped":0,"pct":100},"branches":{"total":10,"covered":10,"skipped":0,"pct":100}}
,"C:\\Users\\Bernardo\\Desktop\\eng_cursor\\Engenharia_Software_II_PLUS_Pedidos\\plus-ms-ped\\src\\routes\\health.ts": {"lines":{"total":3,"covered":3,"skipped":0,"pct":100},"functions":{"total":1,"covered":1,"skipped":0,"pct":100},"statements":{"total":3,"covered":3,"skipped":0,"pct":100},"branches":{"total":0,"covered":0,"skipped":0,"pct":100}}
,"C:\\Users\\Bernardo\\Desktop\\eng_cursor\\Engenharia_Software_II_PLUS_Pedidos\\plus-ms-ped\\src\\routes\\orders.ts": {"lines":{"total":101,"covered":58,"skipped":0,"pct":57.42},"functions":{"total":6,"covered":6,"skipped":0,"pct":100},"statements":{"total":101,"covered":58,"skipped":0,"pct":57.42},"branches":{"total":106,"covered":64,"skipped":0,"pct":60.37}}
,"C:\\Users\\Bernardo\\Desktop\\eng_cursor\\Engenharia_Software_II_PLUS_Pedidos\\plus-ms-ped\\src\\services\\orderEventPublisher.ts": {"lines":{"total":20,"covered":19,"skipped":0,"pct":95},"functions":{"total":4,"covered":4,"skipped":0,"pct":100},"statements":{"total":20,"covered":19,"skipped":0,"pct":95},"branches":{"total":23,"covered":17,"skipped":0,"pct":73.91}}
,"C:\\Users\\Bernardo\\Desktop\\eng_cursor\\Engenharia_Software_II_PLUS_Pedidos\\plus-ms-ped\\src\\services\\orderService.ts": {"lines":{"total":94,"covered":75,"skipped":0,"pct":79.78},"functions":{"total":10,"covered":10,"skipped":0,"pct":100},"statements":{"total":96,"covered":77,"skipped":0,"pct":80.2},"branches":{"total":104,"covered":74,"skipped":0,"pct":71.15}}
,"C:\\Users\\Bernardo\\Desktop\\eng_cursor\\Engenharia_Software_II_PLUS_Pedidos\\plus-ms-ped\\src\\swagger\\config.ts": {"lines":{"total":2,"covered":2,"skipped":0,"pct":100},"functions":{"total":0,"covered":0,"skipped":0,"pct":100},"statements":{"total":2,"covered":2,"skipped":0,"pct":100},"branches":{"total":0,"covered":0,"skipped":0,"pct":100}}
}
